<?xml version="1.0" encoding="UTF-8"?>
<!-- Generated by org.testng.reporters.JUnitXMLReporter -->
<testsuite ignored="0" hostname="ATMECSBLRLT-030" failures="0" tests="4" name="Test" time="41.531" errors="0" timestamp="24 Sep 2020 07:20:46 GMT">
  <testcase classname="com.atmecs.demoblaze.SignupPage" name="signUpMethod" time="1.592"/>
  <testcase classname="com.atmecs.demoblaze.LoginPage" name="loginPageMethod" time="0.526"/>
  <testcase classname="com.atmecs.demoblaze.ContactPage" name="contactMethod" time="0.538"/>
  <testcase classname="com.atmecs.demoblaze.AddCartPage" name="addCartMethod" time="11.413"/>
</testsuite> <!-- Test -->
