<?xml version="1.0" encoding="UTF-8"?>
<!-- Generated by org.testng.reporters.JUnitXMLReporter -->
<testsuite ignored="0" hostname="ATMECSBLRLT-030" failures="0" tests="3" name="Test" time="24.474" errors="0" timestamp="01 Oct 2020 05:46:25 GMT">
  <testcase classname="pageActions.SignupClass" name="signup" time="1.687"/>
  <testcase classname="pageActions.LoginClass" name="login" time="0.41"/>
  <testcase classname="pageActions.ContactClass" name="contact" time="0.586"/>
</testsuite> <!-- Test -->
