<?xml version="1.0" encoding="UTF-8"?>
<testng-results ignored="0" total="4" passed="4" failed="0" skipped="0">
  <reporter-output>
  </reporter-output>
  <suite started-at="2020-09-24T07:20:04Z" name="Suite" finished-at="2020-09-24T07:20:46Z" duration-ms="41531">
    <groups>
    </groups>
    <test started-at="2020-09-24T07:20:04Z" name="Test" finished-at="2020-09-24T07:20:46Z" duration-ms="41531">
      <class name="com.atmecs.demoblaze.AddCartPage">
        <test-method is-config="true" signature="declaration()[pri:0, instance:com.atmecs.demoblaze.AddCartPage@7c417213]" started-at="2020-09-24T07:20:27Z" name="declaration" finished-at="2020-09-24T07:20:34Z" duration-ms="6896" status="PASS">
          <reporter-output>
          </reporter-output>
        </test-method> <!-- declaration -->
        <test-method signature="addCartMethod()[pri:3, instance:com.atmecs.demoblaze.AddCartPage@7c417213]" started-at="2020-09-24T07:20:34Z" name="addCartMethod" finished-at="2020-09-24T07:20:46Z" duration-ms="11413" status="PASS">
          <reporter-output>
          </reporter-output>
        </test-method> <!-- addCartMethod -->
        <test-method is-config="true" signature="closeBrowser()[pri:0, instance:com.atmecs.demoblaze.AddCartPage@7c417213]" started-at="2020-09-24T07:20:46Z" name="closeBrowser" finished-at="2020-09-24T07:20:46Z" duration-ms="81" status="PASS">
          <reporter-output>
          </reporter-output>
        </test-method> <!-- closeBrowser -->
      </class> <!-- com.atmecs.demoblaze.AddCartPage -->
      <class name="com.atmecs.demoblaze.ContactPage">
        <test-method is-config="true" signature="declaration()[pri:0, instance:com.atmecs.demoblaze.ContactPage@6107227e]" started-at="2020-09-24T07:20:19Z" name="declaration" finished-at="2020-09-24T07:20:25Z" duration-ms="5590" status="PASS">
          <reporter-output>
          </reporter-output>
        </test-method> <!-- declaration -->
        <test-method signature="contactMethod()[pri:3, instance:com.atmecs.demoblaze.ContactPage@6107227e]" started-at="2020-09-24T07:20:25Z" name="contactMethod" finished-at="2020-09-24T07:20:25Z" duration-ms="538" status="PASS">
          <reporter-output>
          </reporter-output>
        </test-method> <!-- contactMethod -->
        <test-method is-config="true" signature="closeBrowser()[pri:0, instance:com.atmecs.demoblaze.ContactPage@6107227e]" started-at="2020-09-24T07:20:25Z" name="closeBrowser" finished-at="2020-09-24T07:20:27Z" duration-ms="2317" status="PASS">
          <reporter-output>
          </reporter-output>
        </test-method> <!-- closeBrowser -->
      </class> <!-- com.atmecs.demoblaze.ContactPage -->
      <class name="com.atmecs.demoblaze.SignupPage">
        <test-method is-config="true" signature="declaration()[pri:0, instance:com.atmecs.demoblaze.SignupPage@2b6856dd]" started-at="2020-09-24T07:20:04Z" name="declaration" finished-at="2020-09-24T07:20:11Z" duration-ms="6695" status="PASS">
          <reporter-output>
          </reporter-output>
        </test-method> <!-- declaration -->
        <test-method signature="signUpMethod()[pri:1, instance:com.atmecs.demoblaze.SignupPage@2b6856dd]" started-at="2020-09-24T07:20:11Z" name="signUpMethod" finished-at="2020-09-24T07:20:13Z" duration-ms="1592" status="PASS">
          <reporter-output>
          </reporter-output>
        </test-method> <!-- signUpMethod -->
        <test-method is-config="true" signature="closeBrowser()[pri:0, instance:com.atmecs.demoblaze.SignupPage@2b6856dd]" started-at="2020-09-24T07:20:13Z" name="closeBrowser" finished-at="2020-09-24T07:20:13Z" duration-ms="68" status="PASS">
          <reporter-output>
          </reporter-output>
        </test-method> <!-- closeBrowser -->
      </class> <!-- com.atmecs.demoblaze.SignupPage -->
      <class name="com.atmecs.demoblaze.LoginPage">
        <test-method is-config="true" signature="declaration()[pri:0, instance:com.atmecs.demoblaze.LoginPage@5db45159]" started-at="2020-09-24T07:20:13Z" name="declaration" finished-at="2020-09-24T07:20:18Z" duration-ms="5729" status="PASS">
          <reporter-output>
          </reporter-output>
        </test-method> <!-- declaration -->
        <test-method signature="loginPageMethod()[pri:2, instance:com.atmecs.demoblaze.LoginPage@5db45159]" started-at="2020-09-24T07:20:18Z" name="loginPageMethod" finished-at="2020-09-24T07:20:19Z" duration-ms="526" status="PASS">
          <reporter-output>
          </reporter-output>
        </test-method> <!-- loginPageMethod -->
        <test-method is-config="true" signature="closeBrowser()[pri:0, instance:com.atmecs.demoblaze.LoginPage@5db45159]" started-at="2020-09-24T07:20:19Z" name="closeBrowser" finished-at="2020-09-24T07:20:19Z" duration-ms="54" status="PASS">
          <reporter-output>
          </reporter-output>
        </test-method> <!-- closeBrowser -->
      </class> <!-- com.atmecs.demoblaze.LoginPage -->
    </test> <!-- Test -->
  </suite> <!-- Suite -->
</testng-results>
