<?xml version="1.0" encoding="UTF-8"?>
<testng-results ignored="0" total="3" passed="3" failed="0" skipped="0">
  <reporter-output>
  </reporter-output>
  <suite started-at="2020-10-01T05:46:01Z" name="Suite" finished-at="2020-10-01T05:46:25Z" duration-ms="24474">
    <groups>
    </groups>
    <test started-at="2020-10-01T05:46:01Z" name="Test" finished-at="2020-10-01T05:46:25Z" duration-ms="24474">
      <class name="pageActions.ContactClass">
        <test-method is-config="true" signature="declaration()[pri:0, instance:pageActions.ContactClass@1460a8c0]" started-at="2020-10-01T05:46:17Z" name="declaration" finished-at="2020-10-01T05:46:22Z" duration-ms="5262" status="PASS">
          <reporter-output>
          </reporter-output>
        </test-method> <!-- declaration -->
        <test-method signature="contact(java.lang.String, java.lang.String, java.lang.String)[pri:0, instance:pageActions.ContactClass@1460a8c0]" started-at="2020-10-01T05:46:22Z" name="contact" data-provider="Contact" finished-at="2020-10-01T05:46:23Z" duration-ms="586" status="PASS">
          <params>
            <param index="0">
              <value>
                <![CDATA[abu@gmail.com]]>
              </value>
            </param>
            <param index="1">
              <value>
                <![CDATA[Abutuhahir]]>
              </value>
            </param>
            <param index="2">
              <value>
                <![CDATA[Query Raising]]>
              </value>
            </param>
          </params>
          <reporter-output>
          </reporter-output>
        </test-method> <!-- contact -->
        <test-method is-config="true" signature="closeBrowser()[pri:0, instance:pageActions.ContactClass@1460a8c0]" started-at="2020-10-01T05:46:23Z" name="closeBrowser" finished-at="2020-10-01T05:46:25Z" duration-ms="2101" status="PASS">
          <reporter-output>
          </reporter-output>
        </test-method> <!-- closeBrowser -->
      </class> <!-- pageActions.ContactClass -->
      <class name="pageActions.LoginClass">
        <test-method is-config="true" signature="declaration()[pri:0, instance:pageActions.LoginClass@79ca92b9]" started-at="2020-10-01T05:46:11Z" name="declaration" finished-at="2020-10-01T05:46:17Z" duration-ms="5969" status="PASS">
          <reporter-output>
          </reporter-output>
        </test-method> <!-- declaration -->
        <test-method signature="login(java.lang.String, java.lang.String)[pri:0, instance:pageActions.LoginClass@79ca92b9]" started-at="2020-10-01T05:46:17Z" name="login" data-provider="Login" finished-at="2020-10-01T05:46:17Z" duration-ms="410" status="PASS">
          <params>
            <param index="0">
              <value>
                <![CDATA[AbuthahirM]]>
              </value>
            </param>
            <param index="1">
              <value>
                <![CDATA[AbuthahirM@123]]>
              </value>
            </param>
          </params>
          <reporter-output>
          </reporter-output>
        </test-method> <!-- login -->
        <test-method is-config="true" signature="closeBrowser()[pri:0, instance:pageActions.LoginClass@79ca92b9]" started-at="2020-10-01T05:46:17Z" name="closeBrowser" finished-at="2020-10-01T05:46:17Z" duration-ms="61" status="PASS">
          <reporter-output>
          </reporter-output>
        </test-method> <!-- closeBrowser -->
      </class> <!-- pageActions.LoginClass -->
      <class name="pageActions.SignupClass">
        <test-method is-config="true" signature="declaration()[pri:0, instance:pageActions.SignupClass@8909f18]" started-at="2020-10-01T05:46:01Z" name="declaration" finished-at="2020-10-01T05:46:09Z" duration-ms="7285" status="PASS">
          <reporter-output>
          </reporter-output>
        </test-method> <!-- declaration -->
        <test-method signature="signup(java.lang.String, java.lang.String)[pri:0, instance:pageActions.SignupClass@8909f18]" started-at="2020-10-01T05:46:09Z" name="signup" data-provider="SignIn" finished-at="2020-10-01T05:46:10Z" duration-ms="1687" status="PASS">
          <params>
            <param index="0">
              <value>
                <![CDATA[AbuthahirM]]>
              </value>
            </param>
            <param index="1">
              <value>
                <![CDATA[AbuthahirM@123]]>
              </value>
            </param>
          </params>
          <reporter-output>
          </reporter-output>
        </test-method> <!-- signup -->
        <test-method is-config="true" signature="closeBrowser()[pri:0, instance:pageActions.SignupClass@8909f18]" started-at="2020-10-01T05:46:10Z" name="closeBrowser" finished-at="2020-10-01T05:46:11Z" duration-ms="204" status="PASS">
          <reporter-output>
          </reporter-output>
        </test-method> <!-- closeBrowser -->
      </class> <!-- pageActions.SignupClass -->
    </test> <!-- Test -->
  </suite> <!-- Suite -->
</testng-results>
